<?xml version="1.0" encoding="UTF-8"?>
<testng-results skipped="0" failed="0" ignored="0" total="1" passed="1">
  <reporter-output>
  </reporter-output>
  <suite name="Default suite" duration-ms="38747" started-at="2020-12-05T03:38:56 PST" finished-at="2020-12-05T03:39:34 PST">
    <groups>
    </groups>
    <test name="Default test" duration-ms="38747" started-at="2020-12-05T03:38:56 PST" finished-at="2020-12-05T03:39:34 PST">
      <class name="testcases.TC3_VerifySorting">
        <test-method status="PASS" signature="beforeSuite()[pri:0, instance:testcases.TC3_VerifySorting@76c8cd]" name="beforeSuite" is-config="true" duration-ms="498" started-at="2020-12-05T03:38:55 PST" finished-at="2020-12-05T03:38:56 PST">
          <reporter-output>
          </reporter-output>
        </test-method> <!-- beforeSuite -->
        <test-method status="PASS" signature="setData()[pri:0, instance:testcases.TC3_VerifySorting@76c8cd]" name="setData" is-config="true" duration-ms="0" started-at="2020-12-05T03:38:56 PST" finished-at="2020-12-05T03:38:56 PST">
          <reporter-output>
          </reporter-output>
        </test-method> <!-- setData -->
        <test-method status="PASS" signature="beforeClass()[pri:0, instance:testcases.TC3_VerifySorting@76c8cd]" name="beforeClass" is-config="true" duration-ms="1" started-at="2020-12-05T03:38:56 PST" finished-at="2020-12-05T03:38:56 PST">
          <reporter-output>
          </reporter-output>
        </test-method> <!-- beforeClass -->
        <test-method status="PASS" signature="beforeMethod()[pri:0, instance:testcases.TC3_VerifySorting@76c8cd]" name="beforeMethod" is-config="true" duration-ms="14923" started-at="2020-12-05T03:38:56 PST" finished-at="2020-12-05T03:39:11 PST">
          <reporter-output>
          </reporter-output>
        </test-method> <!-- beforeMethod -->
        <test-method status="PASS" signature="login()[pri:0, instance:testcases.TC3_VerifySorting@76c8cd]" name="login" duration-ms="19356" started-at="2020-12-05T03:39:11 PST" finished-at="2020-12-05T03:39:30 PST">
          <reporter-output>
          </reporter-output>
        </test-method> <!-- login -->
        <test-method status="PASS" signature="afterMethod()[pri:0, instance:testcases.TC3_VerifySorting@76c8cd]" name="afterMethod" is-config="true" duration-ms="4432" started-at="2020-12-05T03:39:30 PST" finished-at="2020-12-05T03:39:34 PST">
          <reporter-output>
          </reporter-output>
        </test-method> <!-- afterMethod -->
        <test-method status="PASS" signature="afterSuite()[pri:0, instance:testcases.TC3_VerifySorting@76c8cd]" name="afterSuite" is-config="true" duration-ms="439" started-at="2020-12-05T03:39:34 PST" finished-at="2020-12-05T03:39:35 PST">
          <reporter-output>
          </reporter-output>
        </test-method> <!-- afterSuite -->
      </class> <!-- testcases.TC3_VerifySorting -->
    </test> <!-- Default test -->
  </suite> <!-- Default suite -->
</testng-results>
